<?xml version="1.0" encoding="UTF-8"?>
<!-- Generated by org.testng.reporters.JUnitReportReporter -->
<testsuite hostname="GOWRISANKAR" failures="0" tests="2" name="runner.run" time="22.239" errors="0" timestamp="2025-04-03T12:26:35 IST" skipped="0">
  <testcase classname="runner.run" name="runScenario" time="11.797"/>
  <testcase classname="runner.run" name="runScenario" time="10.442"/>
</testsuite> <!-- runner.run -->
